-------------------------------------------------------------------------------
Test set: ru.netology.manager.AfishaManagerTest
-------------------------------------------------------------------------------
Tests run: 6, Failures: 1, Errors: 1, Skipped: 0, Time elapsed: 2.252 s <<< FAILURE! - in ru.netology.manager.AfishaManagerTest
shouldNotRemoveIfNotExists  Time elapsed: 0.081 s  <<< FAILURE!
org.opentest4j.AssertionFailedError: actual array was <null>
	at ru.netology.manager.AfishaManagerTest.shouldNotRemoveIfNotExists(AfishaManagerTest.java:98)

shouldNotFindByIdIfNotExists  Time elapsed: 0.026 s  <<< ERROR!
org.mockito.exceptions.misusing.WrongTypeOfReturnValue: 

Movie[] cannot be returned by findById()
findById() should return Movie
***
If you're unsure why you're getting above error read on.
Due to the nature of the syntax above problem might occur because:
1. This exception *might* occur in wrongly written multi-threaded tests.
   Please refer to Mockito FAQ on limitations of concurrency testing.
2. A spy is stubbed using when(spy.foo()).then() syntax. It is safer to stub spies - 
   - with doReturn|Throw() family of methods. More in javadocs for Mockito.spy() method.

	at ru.netology.manager.AfishaManagerTest.shouldNotFindByIdIfNotExists(AfishaManagerTest.java:65)

