<?xml version="1.0" encoding="UTF-8"?>
<testsuite xmlns:xsi="http://www.w3.org/2001/XMLSchema-instance" xsi:noNamespaceSchemaLocation="https://maven.apache.org/surefire/maven-surefire-plugin/xsd/surefire-test-report.xsd" name="ru.netology.manager.AfishaManagerTest" time="2.252" tests="6" errors="1" skipped="0" failures="1">
  <properties>
[...]
</properties>
  <testcase name="shouldRemoveIfExists" classname="ru.netology.manager.AfishaManagerTest" time="2.114"/>
  <testcase name="shouldFindByID" classname="ru.netology.manager.AfishaManagerTest" time="0.005"/>
  <testcase name="shouldNotRemoveIfNotExists" classname="ru.netology.manager.AfishaManagerTest" time="0.081">
    <failure message="actual array was &lt;null&gt;" type="org.opentest4j.AssertionFailedError"><![CDATA[org.opentest4j.AssertionFailedError: actual array was <null>
	at ru.netology.manager.AfishaManagerTest.shouldNotRemoveIfNotExists(AfishaManagerTest.java:98)
]]></failure>
  </testcase>
  <testcase name="shouldFindAll" classname="ru.netology.manager.AfishaManagerTest" time="0"/>
  <testcase name="shouldRemoveAll" classname="ru.netology.manager.AfishaManagerTest" time="0"/>
  <testcase name="shouldNotFindByIdIfNotExists" classname="ru.netology.manager.AfishaManagerTest" time="0.026">
    <error message="&#10;Movie[] cannot be returned by findById()&#10;findById() should return Movie&#10;***&#10;If you&apos;re unsure why you&apos;re getting above error read on.&#10;Due to the nature of the syntax above problem might occur because:&#10;1. This exception *might* occur in wrongly written multi-threaded tests.&#10;   Please refer to Mockito FAQ on limitations of concurrency testing.&#10;2. A spy is stubbed using when(spy.foo()).then() syntax. It is safer to stub spies - &#10;   - with doReturn|Throw() family of methods. More in javadocs for Mockito.spy() method.&#10;" type="org.mockito.exceptions.misusing.WrongTypeOfReturnValue">org.mockito.exceptions.misusing.WrongTypeOfReturnValue: 

Movie[] cannot be returned by findById()
findById() should return Movie
***
If you're unsure why you're getting above error read on.
Due to the nature of the syntax above problem might occur because:
1. This exception *might* occur in wrongly written multi-threaded tests.
   Please refer to Mockito FAQ on limitations of concurrency testing.
2. A spy is stubbed using when(spy.foo()).then() syntax. It is safer to stub spies - 
   - with doReturn|Throw() family of methods. More in javadocs for Mockito.spy() method.

	at ru.netology.manager.AfishaManagerTest.shouldNotFindByIdIfNotExists(AfishaManagerTest.java:65)
</error>
  </testcase>
</testsuite>